<?xml version="1.0" encoding="UTF-8"?>
<testng-results ignored="0" total="1" passed="1" failed="0" skipped="0">
  <reporter-output>
  </reporter-output>
  <suite started-at="2021-01-04T17:40:57 IST" name="Suite" finished-at="2021-01-04T17:41:47 IST" duration-ms="49101">
    <groups>
    </groups>
    <test started-at="2021-01-04T17:40:57 IST" name="Test" finished-at="2021-01-04T17:41:47 IST" duration-ms="49101">
      <class name="com.iguruBank.testCases.TC_LoginTest_001">
        <test-method is-config="true" signature="setup(java.lang.String)[pri:0, instance:com.iguruBank.testCases.TC_LoginTest_001@2bea5ab4]" started-at="2021-01-04T17:40:57 IST" name="setup" finished-at="2021-01-04T17:41:34 IST" duration-ms="36923" status="PASS">
          <params>
            <param index="0">
              <value>
                <![CDATA[chrome]]>
              </value>
            </param>
          </params>
          <reporter-output>
          </reporter-output>
        </test-method> <!-- setup -->
        <test-method signature="loginTest()[pri:0, instance:com.iguruBank.testCases.TC_LoginTest_001@2bea5ab4]" started-at="2021-01-04T17:41:35 IST" name="loginTest" finished-at="2021-01-04T17:41:46 IST" duration-ms="11011" status="PASS">
          <reporter-output>
          </reporter-output>
        </test-method> <!-- loginTest -->
        <test-method is-config="true" signature="tearDown()[pri:0, instance:com.iguruBank.testCases.TC_LoginTest_001@2bea5ab4]" started-at="2021-01-04T17:41:46 IST" name="tearDown" finished-at="2021-01-04T17:41:47 IST" duration-ms="945" status="PASS">
          <reporter-output>
          </reporter-output>
        </test-method> <!-- tearDown -->
      </class> <!-- com.iguruBank.testCases.TC_LoginTest_001 -->
    </test> <!-- Test -->
  </suite> <!-- Suite -->
</testng-results>
