<?xml version="1.0" encoding="UTF-8"?>
<testng-results ignored="0" total="1" passed="1" failed="0" skipped="0">
  <reporter-output>
  </reporter-output>
  <suite started-at="2021-01-07T20:16:12 IST" name="Default suite" finished-at="2021-01-07T20:16:13 IST" duration-ms="775">
    <groups>
    </groups>
    <test started-at="2021-01-07T20:16:12 IST" name="Default test" finished-at="2021-01-07T20:16:13 IST" duration-ms="775">
      <class name="com.iguruBank.utilities.extentReportDemo">
        <test-method signature="signInTest()[pri:0, instance:com.iguruBank.utilities.extentReportDemo@1fe20588]" started-at="2021-01-07T20:16:12 IST" name="signInTest" finished-at="2021-01-07T20:16:13 IST" duration-ms="715" status="PASS">
          <reporter-output>
          </reporter-output>
        </test-method> <!-- signInTest -->
      </class> <!-- com.iguruBank.utilities.extentReportDemo -->
    </test> <!-- Default test -->
  </suite> <!-- Default suite -->
</testng-results>
